<?xml version="1.0" encoding="UTF-8"?>
<testsuite name="test.java.TestJaxb" time="1.234" tests="2" errors="0" skipped="0" failures="0">
  <properties>
    <property name="java.vendor" value="Oracle Corporation"/>
    <property name="osgi.bundles.defaultStartLevel" value="4"/>
    <property name="sun.java.launcher" value="SUN_STANDARD"/>
    <property name="org.osgi.supports.framework.extension" value="true"/>
    <property name="sun.management.compiler" value="HotSpot 64-Bit Tiered Compilers"/>
    <property name="os.name" value="Windows Server 2012 R2"/>
    <property name="sun.boot.class.path" value="C:\Program Files\Java\jdk1.7.0_79\jre\lib\resources.jar;C:\Program Files\Java\jdk1.7.0_79\jre\lib\rt.jar;C:\Program Files\Java\jdk1.7.0_79\jre\lib\sunrsasign.jar;C:\Program Files\Java\jdk1.7.0_79\jre\lib\jsse.jar;C:\Program Files\Java\jdk1.7.0_79\jre\lib\jce.jar;C:\Program Files\Java\jdk1.7.0_79\jre\lib\charsets.jar;C:\Program Files\Java\jdk1.7.0_79\jre\lib\jfr.jar;C:\Program Files\Java\jdk1.7.0_79\jre\classes"/>
    <property name="osgi.ws" value="win32"/>
    <property name="sun.desktop" value="windows"/>
    <property name="java.vm.specification.vendor" value="Oracle Corporation"/>
    <property name="java.runtime.version" value="1.7.0_79-b15"/>
    <property name="osgi.instance.area" value="file:/C:/Users/rakeshka/git/master/com.bitwise.app.common/target/work/data/"/>
    <property name="org.osgi.framework.uuid" value="e0a69ac1-f355-0015-11bf-9d357d19a917"/>
    <property name="osgi.noShutdown" value="false"/>
    <property name="user.name" value="rakeshka"/>
    <property name="org.osgi.framework.system.packages" value="javax.accessibility,javax.activation,javax.activity,javax.annotation,javax.annotation.processing,javax.crypto,javax.crypto.interfaces,javax.crypto.spec,javax.imageio,javax.imageio.event,javax.imageio.metadata,javax.imageio.plugins.bmp,javax.imageio.plugins.jpeg,javax.imageio.spi,javax.imageio.stream,javax.jws,javax.jws.soap,javax.lang.model,javax.lang.model.element,javax.lang.model.type,javax.lang.model.util,javax.management,javax.management.event,javax.management.loading,javax.management.modelmbean,javax.management.monitor,javax.management.namespace,javax.management.openmbean,javax.management.relation,javax.management.remote,javax.management.remote.rmi,javax.management.timer,javax.naming,javax.naming.directory,javax.naming.event,javax.naming.ldap,javax.naming.spi,javax.net,javax.net.ssl,javax.print,javax.print.attribute,javax.print.attribute.standard,javax.print.event,javax.rmi,javax.rmi.CORBA,javax.rmi.ssl,javax.script,javax.security.auth,javax.security.auth.callback,javax.security.auth.kerberos,javax.security.auth.login,javax.security.auth.spi,javax.security.auth.x500,javax.security.cert,javax.security.sasl,javax.sound.midi,javax.sound.midi.spi,javax.sound.sampled,javax.sound.sampled.spi,javax.sql,javax.sql.rowset,javax.sql.rowset.serial,javax.sql.rowset.spi,javax.swing,javax.swing.border,javax.swing.colorchooser,javax.swing.event,javax.swing.filechooser,javax.swing.plaf,javax.swing.plaf.basic,javax.swing.plaf.metal,javax.swing.plaf.multi,javax.swing.plaf.nimbus,javax.swing.plaf.synth,javax.swing.table,javax.swing.text,javax.swing.text.html,javax.swing.text.html.parser,javax.swing.text.rtf,javax.swing.tree,javax.swing.undo,javax.tools,javax.transaction,javax.transaction.xa,javax.xml,javax.xml.bind,javax.xml.bind.annotation,javax.xml.bind.annotation.adapters,javax.xml.bind.attachment,javax.xml.bind.helpers,javax.xml.bind.util,javax.xml.crypto,javax.xml.crypto.dom,javax.xml.crypto.dsig,javax.xml.crypto.dsig.dom,javax.xml.crypto.dsig.keyinfo,javax.xml.crypto.dsig.spec,javax.xml.datatype,javax.xml.namespace,javax.xml.parsers,javax.xml.soap,javax.xml.stream,javax.xml.stream.events,javax.xml.stream.util,javax.xml.transform,javax.xml.transform.dom,javax.xml.transform.sax,javax.xml.transform.stax,javax.xml.transform.stream,javax.xml.validation,javax.xml.ws,javax.xml.ws.handler,javax.xml.ws.handler.soap,javax.xml.ws.http,javax.xml.ws.soap,javax.xml.ws.spi,javax.xml.ws.spi.http,javax.xml.ws.wsaddressing,javax.xml.xpath,org.ietf.jgss,org.omg.CORBA,org.omg.CORBA_2_3,org.omg.CORBA_2_3.portable,org.omg.CORBA.DynAnyPackage,org.omg.CORBA.ORBPackage,org.omg.CORBA.portable,org.omg.CORBA.TypeCodePackage,org.omg.CosNaming,org.omg.CosNaming.NamingContextExtPackage,org.omg.CosNaming.NamingContextPackage,org.omg.Dynamic,org.omg.DynamicAny,org.omg.DynamicAny.DynAnyFactoryPackage,org.omg.DynamicAny.DynAnyPackage,org.omg.IOP,org.omg.IOP.CodecFactoryPackage,org.omg.IOP.CodecPackage,org.omg.Messaging,org.omg.PortableInterceptor,org.omg.PortableInterceptor.ORBInitInfoPackage,org.omg.PortableServer,org.omg.PortableServer.CurrentPackage,org.omg.PortableServer.POAManagerPackage,org.omg.PortableServer.POAPackage,org.omg.PortableServer.portable,org.omg.PortableServer.ServantLocatorPackage,org.omg.SendingContext,org.omg.stub.java.rmi,org.w3c.dom,org.w3c.dom.bootstrap,org.w3c.dom.css,org.w3c.dom.events,org.w3c.dom.html,org.w3c.dom.ls,org.w3c.dom.ranges,org.w3c.dom.stylesheets,org.w3c.dom.traversal,org.w3c.dom.views,org.w3c.dom.xpath,org.xml.sax,org.xml.sax.ext,org.xml.sax.helpers"/>
    <property name="org.osgi.framework.language" value="en"/>
    <property name="user.language" value="en"/>
    <property name="org.osgi.framework.processor" value="x86-64"/>
    <property name="osgi.syspath" value="c:\Users\rakeshka\.m2\repository\p2\osgi\bundle\org.eclipse.osgi\3.7.2.v20120110-1415"/>
    <property name="sun.boot.library.path" value="C:\Program Files\Java\jdk1.7.0_79\jre\bin"/>
    <property name="osgi.manifest.cache" value="C:\Users\rakeshka\git\master\com.bitwise.app.common\target\work\configuration\org.eclipse.osgi\manifests"/>
    <property name="org.osgi.framework.system.capabilities" value="osgi.ee; osgi.ee=&quot;OSGi/Minimum&quot;; version:List&lt;Version&gt;=&quot;1.0, 1.1, 1.2&quot;,osgi.ee; osgi.ee=&quot;JavaSE&quot;; version:List&lt;Version&gt;=&quot;1.0, 1.1, 1.2, 1.3, 1.4, 1.5, 1.6, 1.7&quot;"/>
    <property name="java.version" value="1.7.0_79"/>
    <property name="org.osgi.framework.os.name" value="windows server 2012 r2"/>
    <property name="user.timezone" value="Asia/Calcutta"/>
    <property name="sun.arch.data.model" value="64"/>
    <property name="osgi.bundles" value="reference:file:C:/Users/rakeshka/git/master/com.bitwise.app.common,reference:file:C:/Users/rakeshka/.m2/repository/p2/osgi/bundle/org.eclipse.core.runtime/3.7.0.v20110110/org.eclipse.core.runtime-3.7.0.v20110110.jar@4:start,reference:file:C:/Users/rakeshka/.m2/repository/p2/osgi/bundle/org.eclipse.ui.views/3.6.0.v20110928-1505/org.eclipse.ui.views-3.6.0.v20110928-1505.jar,reference:file:C:/Users/rakeshka/.m2/repository/p2/osgi/bundle/org.junit/4.8.2.v4_8_2_v20110321-1705/org.junit-4.8.2.v4_8_2_v20110321-1705.jar,reference:file:C:/Users/rakeshka/.m2/repository/p2/osgi/bundle/org.eclipse.core.variables/3.2.500.v20110928-1503/org.eclipse.core.variables-3.2.500.v20110928-1503.jar,reference:file:C:/Users/rakeshka/.m2/repository/p2/osgi/bundle/org.eclipse.ant.core/3.2.302.v20120110-1739/org.eclipse.ant.core-3.2.302.v20120110-1739.jar,reference:file:C:/Users/rakeshka/.m2/repository/p2/osgi/bundle/org.eclipse.core.commands/3.6.0.I20110111-0800/org.eclipse.core.commands-3.6.0.I20110111-0800.jar,reference:file:C:/Users/rakeshka/.m2/repository/p2/osgi/bundle/org.eclipse.equinox.common/3.6.0.v20110523/org.eclipse.equinox.common-3.6.0.v20110523.jar@2:start,reference:file:C:/Users/rakeshka/.m2/repository/p2/osgi/bundle/org.eclipse.core.contenttype/3.4.100.v20110423-0524/org.eclipse.core.contenttype-3.4.100.v20110423-0524.jar,reference:file:C:/Users/rakeshka/.m2/repository/p2/osgi/bundle/org.eclipse.equinox.preferences/3.4.2.v20120111-2020/org.eclipse.equinox.preferences-3.4.2.v20120111-2020.jar,reference:file:C:/Users/rakeshka/.m2/repository/p2/osgi/bundle/org.eclipse.equinox.registry/3.5.101.R37x_v20110810-1611/org.eclipse.equinox.registry-3.5.101.R37x_v20110810-1611.jar,reference:file:C:/Users/rakeshka/.m2/repository/p2/osgi/bundle/org.eclipse.core.databinding/1.4.0.I20110111-0800/org.eclipse.core.databinding-1.4.0.I20110111-0800.jar,reference:file:C:/Users/rakeshka/.m2/repository/p2/osgi/bundle/org.eclipse.core.databinding.observable/1.4.0.I20110222-0800/org.eclipse.core.databinding.observable-1.4.0.I20110222-0800.jar,reference:file:C:/Users/rakeshka/.m2/repository/p2/osgi/bundle/org.eclipse.core.databinding.property/1.4.0.I20110222-0800/org.eclipse.core.databinding.property-1.4.0.I20110222-0800.jar,reference:file:C:/Users/rakeshka/.m2/repository/p2/osgi/bundle/com.ibm.icu/4.4.2.v20110823/com.ibm.icu-4.4.2.v20110823.jar,reference:file:C:/Users/rakeshka/.m2/repository/p2/osgi/bundle/org.eclipse.core.expressions/3.4.300.v20110228/org.eclipse.core.expressions-3.4.300.v20110228.jar,reference:file:C:/Users/rakeshka/.m2/repository/p2/osgi/bundle/org.eclipse.core.filesystem/1.3.100.v20110423-0524/org.eclipse.core.filesystem-1.3.100.v20110423-0524.jar,reference:file:C:/Users/rakeshka/.m2/repository/p2/osgi/bundle/org.eclipse.core.jobs/3.5.101.v20120113-1953/org.eclipse.core.jobs-3.5.101.v20120113-1953.jar,reference:file:C:/Users/rakeshka/.m2/repository/p2/osgi/bundle/org.eclipse.core.net/1.2.100.I20110511-0800/org.eclipse.core.net-1.2.100.I20110511-0800.jar,reference:file:C:/Users/rakeshka/.m2/repository/p2/osgi/bundle/org.eclipse.equinox.security/1.1.1.R37x_v20110822-1018/org.eclipse.equinox.security-1.1.1.R37x_v20110822-1018.jar,reference:file:C:/Users/rakeshka/.m2/repository/p2/osgi/bundle/org.eclipse.core.resources/3.7.101.v20120125-1505/org.eclipse.core.resources-3.7.101.v20120125-1505.jar,reference:file:C:/Users/rakeshka/.m2/repository/p2/osgi/bundle/org.eclipse.core.runtime.compatibility.auth/3.2.200.v20110110/org.eclipse.core.runtime.compatibility.auth-3.2.200.v20110110.jar,reference:file:C:/Users/rakeshka/.m2/repository/p2/osgi/bundle/org.eclipse.equinox.app/1.3.100.v20110321/org.eclipse.equinox.app-1.3.100.v20110321.jar,reference:file:C:/Users/rakeshka/.m2/repository/p2/osgi/bundle/org.eclipse.osgi.services/3.3.0.v20110513/org.eclipse.osgi.services-3.3.0.v20110513.jar,reference:file:C:/Users/rakeshka/.m2/repository/p2/osgi/bundle/org.eclipse.equinox.p2.core/2.1.1.v20120113-1346/org.eclipse.equinox.p2.core-2.1.1.v20120113-1346.jar,reference:file:C:/Users/rakeshka/.m2/repository/p2/osgi/bundle/org.eclipse.equinox.p2.metadata/2.1.0.v20110815-1419/org.eclipse.equinox.p2.metadata-2.1.0.v20110815-1419.jar,reference:file:C:/Users/rakeshka/.m2/repository/p2/osgi/bundle/org.eclipse.equinox.p2.metadata.repository/1.2.0.v20110815-1419/org.eclipse.equinox.p2.metadata.repository-1.2.0.v20110815-1419.jar,reference:file:C:/Users/rakeshka/.m2/repository/p2/osgi/bundle/org.eclipse.equinox.p2.repository/2.1.1.v20120113-1346/org.eclipse.equinox.p2.repository-2.1.1.v20120113-1346.jar,reference:file:C:/Users/rakeshka/.m2/repository/p2/osgi/bundle/org.eclipse.equinox.p2.engine/2.1.1.R37x_v20111003/org.eclipse.equinox.p2.engine-2.1.1.R37x_v20111003.jar,reference:file:C:/Users/rakeshka/.m2/repository/p2/osgi/bundle/org.eclipse.help/3.5.100.v20110426/org.eclipse.help-3.5.100.v20110426.jar,reference:file:C:/Users/rakeshka/.m2/repository/p2/osgi/bundle/org.eclipse.swt/3.7.2.v3740f/org.eclipse.swt-3.7.2.v3740f.jar,reference:file:C:/Users/rakeshka/.m2/repository/p2/osgi/bundle/org.eclipse.jface/3.7.0.v20110928-1505/org.eclipse.jface-3.7.0.v20110928-1505.jar,reference:file:C:/Users/rakeshka/.m2/repository/p2/osgi/bundle/org.eclipse.jface.databinding/1.5.0.I20100907-0800/org.eclipse.jface.databinding-1.5.0.I20100907-0800.jar,reference:file:C:/Users/rakeshka/.m2/repository/p2/osgi/bundle/org.eclipse.text/3.5.101.v20110928-1504/org.eclipse.text-3.5.101.v20110928-1504.jar,reference:file:C:/Users/rakeshka/.m2/repository/p2/osgi/bundle/org.eclipse.jface.text/3.7.2.v20111213-1208/org.eclipse.jface.text-3.7.2.v20111213-1208.jar,reference:file:C:/Users/rakeshka/.m2/repository/p2/osgi/bundle/org.eclipse.ui.workbench/3.7.1.v20120104-1859/org.eclipse.ui.workbench-3.7.1.v20120104-1859.jar,reference:file:C:/Users/rakeshka/.m2/repository/p2/osgi/bundle/org.eclipse.ui/3.7.0.v20110928-1505/org.eclipse.ui-3.7.0.v20110928-1505.jar,reference:file:C:/Users/rakeshka/.m2/repository/p2/osgi/bundle/org.eclipse.ui.forms/3.5.101.v20111011-1919/org.eclipse.ui.forms-3.5.101.v20111011-1919.jar,reference:file:C:/Users/rakeshka/.m2/repository/p2/osgi/bundle/org.eclipse.ui.ide/3.7.0.v20110928-1505/org.eclipse.ui.ide-3.7.0.v20110928-1505.jar,reference:file:C:/Users/rakeshka/.m2/repository/p2/osgi/bundle/org.eclipse.ui.ide.application/1.0.300.I20110306-2000/org.eclipse.ui.ide.application-1.0.300.I20110306-2000.jar,reference:file:C:/Users/rakeshka/.m2/repository/p2/osgi/bundle/org.hamcrest.core/1.1.0.v20090501071000/org.hamcrest.core-1.1.0.v20090501071000.jar,reference:file:C:/Users/rakeshka/.m2/repository/p2/osgi/bundle/org.eclipse.equinox.launcher/1.2.0.v20110502/org.eclipse.equinox.launcher-1.2.0.v20110502.jar,reference:file:C:/Users/rakeshka/.m2/repository/p2/osgi/bundle/org.eclipse.swt.win32.win32.x86_64/3.7.2.v3740f/org.eclipse.swt.win32.win32.x86_64-3.7.2.v3740f.jar,reference:file:C:/Users/rakeshka/.m2/repository/p2/osgi/bundle/org.eclipse.swt.win32.win32.x86/3.7.2.v3740f/org.eclipse.swt.win32.win32.x86-3.7.2.v3740f.jar,reference:file:C:/Users/rakeshka/.m2/repository/p2/osgi/bundle/org.eclipse.swt.gtk.linux.x86_64/3.7.2.v3740f/org.eclipse.swt.gtk.linux.x86_64-3.7.2.v3740f.jar,reference:file:C:/Users/rakeshka/.m2/repository/org/eclipse/tycho/org.eclipse.tycho.surefire.osgibooter/0.23.0/org.eclipse.tycho.surefire.osgibooter-0.23.0.jar,reference:file:C:/Users/rakeshka/.m2/repository/org/eclipse/tycho/org.eclipse.tycho.surefire.junit4/0.23.0/org.eclipse.tycho.surefire.junit4-0.23.0.jar"/>
    <property name="java.endorsed.dirs" value="C:\Program Files\Java\jdk1.7.0_79\jre\lib\endorsed"/>
    <property name="sun.cpu.isalist" value="amd64"/>
    <property name="sun.jnu.encoding" value="Cp1252"/>
    <property name="eclipse.application" value="org.eclipse.tycho.surefire.osgibooter.headlesstest"/>
    <property name="file.encoding.pkg" value="sun.io"/>
    <property name="org.osgi.framework.vendor" value="Eclipse"/>
    <property name="file.separator" value="\"/>
    <property name="java.specification.name" value="Java Platform API Specification"/>
    <property name="osgi.checkConfiguration" value="true"/>
    <property name="java.class.version" value="51.0"/>
    <property name="user.country" value="US"/>
    <property name="osgi.configuration.cascaded" value="false"/>
    <property name="java.home" value="C:\Program Files\Java\jdk1.7.0_79\jre"/>
    <property name="osgi.os" value="win32"/>
    <property name="eclipse.commands" value="-data&#10;C:\Users\rakeshka\git\master\com.bitwise.app.common\target\work\data&#10;-install&#10;C:\Users\rakeshka\git\master\com.bitwise.app.common\target\work&#10;-configuration&#10;C:\Users\rakeshka\git\master\com.bitwise.app.common\target\work\configuration&#10;-application&#10;org.eclipse.tycho.surefire.osgibooter.headlesstest&#10;-testproperties&#10;C:\Users\rakeshka\git\master\com.bitwise.app.common\target\surefire.properties&#10;"/>
    <property name="java.vm.info" value="mixed mode"/>
    <property name="os.version" value="6.3"/>
    <property name="osgi.arch" value="x86_64"/>
    <property name="path.separator" value=";"/>
    <property name="java.vm.version" value="24.79-b02"/>
    <property name="org.osgi.supports.framework.fragment" value="true"/>
    <property name="user.variant" value=""/>
    <property name="osgi.framework.shape" value="jar"/>
    <property name="java.awt.printerjob" value="sun.awt.windows.WPrinterJob"/>
    <property name="sun.io.unicode.encoding" value="UnicodeLittle"/>
    <property name="org.osgi.framework.version" value="1.6.0"/>
    <property name="awt.toolkit" value="sun.awt.windows.WToolkit"/>
    <property name="user.script" value=""/>
    <property name="osgi.dev" value="file:/C:/Users/rakeshka/git/master/com.bitwise.app.common/target/work/dev.properties"/>
    <property name="osgi.install.area" value="file:/C:/Users/rakeshka/git/master/com.bitwise.app.common/target/work/"/>
    <property name="osgi.framework" value="file:/C:/Users/rakeshka/.m2/repository/p2/osgi/bundle/org.eclipse.osgi/3.7.2.v20120110-1415/org.eclipse.osgi-3.7.2.v20120110-1415.jar"/>
    <property name="user.home" value="C:\Users\rakeshka"/>
    <property name="osgi.bundlestore" value="C:\Users\rakeshka\git\master\com.bitwise.app.common\target\work\configuration\org.eclipse.osgi\bundles"/>
    <property name="java.specification.vendor" value="Oracle Corporation"/>
    <property name="osgi.nl" value="en_US"/>
    <property name="java.library.path" value="C:\Program Files\Java\jdk1.7.0_79\jre\bin;C:\Windows\Sun\Java\bin;C:\Windows\system32;C:\Windows;C:\ProgramData\Oracle\Java\javapath;C:\Windows\system32;C:\Windows;C:\Windows\System32\Wbem;C:\Windows\System32\WindowsPowerShell\v1.0\;C:\Program Files (x86)\Mozilla Firefox;C:\ProgramData\Oracle\Java\javapath;C:\Windows\system32;C:\Windows;C:\Windows\System32\Wbem;C:\Windows\System32\WindowsPowerShell\v1.0\;."/>
    <property name="java.vendor.url" value="http://java.oracle.com/"/>
    <property name="osgi.bundlefile.limit" value="100"/>
    <property name="eclipse.startTime" value="1441694111260"/>
    <property name="org.osgi.framework.os.version" value="6.3.0"/>
    <property name="java.vm.vendor" value="Oracle Corporation"/>
    <property name="java.runtime.name" value="Java(TM) SE Runtime Environment"/>
    <property name="java.class.path" value="C:\Users\rakeshka\.m2\repository\p2\osgi\bundle\org.eclipse.equinox.launcher\1.2.0.v20110502\org.eclipse.equinox.launcher-1.2.0.v20110502.jar"/>
    <property name="sun.java.command" value="C:\Users\rakeshka\.m2\repository\p2\osgi\bundle\org.eclipse.equinox.launcher\1.2.0.v20110502\org.eclipse.equinox.launcher-1.2.0.v20110502.jar -data C:\Users\rakeshka\git\master\com.bitwise.app.common\target\work\data -install C:\Users\rakeshka\git\master\com.bitwise.app.common\target\work -configuration C:\Users\rakeshka\git\master\com.bitwise.app.common\target\work\configuration -application org.eclipse.tycho.surefire.osgibooter.headlesstest -testproperties C:\Users\rakeshka\git\master\com.bitwise.app.common\target\surefire.properties"/>
    <property name="java.vm.specification.name" value="Java Virtual Machine Specification"/>
    <property name="java.vm.specification.version" value="1.7"/>
    <property name="sun.os.patch.level" value=""/>
    <property name="sun.cpu.endian" value="little"/>
    <property name="java.io.tmpdir" value="C:\Users\rakeshka\AppData\Local\Temp\2\"/>
    <property name="java.vendor.url.bug" value="http://bugreport.sun.com/bugreport/"/>
    <property name="eclipse.home.location" value="file:/C:/Users/rakeshka/git/master/com.bitwise.app.common/target/work/"/>
    <property name="java.awt.graphicsenv" value="sun.awt.Win32GraphicsEnvironment"/>
    <property name="os.arch" value="amd64"/>
    <property name="java.ext.dirs" value="C:\Program Files\Java\jdk1.7.0_79\jre\lib\ext;C:\Windows\Sun\Java\lib\ext"/>
    <property name="user.dir" value="C:\Users\rakeshka\git\master\com.bitwise.app.common"/>
    <property name="org.osgi.supports.framework.requirebundle" value="true"/>
    <property name="osgi.clean" value="true"/>
    <property name="line.separator" value="&#10;"/>
    <property name="java.vm.name" value="Java HotSpot(TM) 64-Bit Server VM"/>
    <property name="file.encoding" value="Cp1252"/>
    <property name="osgi.framework.version" value="3.7.2.v20120110-1415"/>
    <property name="java.specification.version" value="1.7"/>
    <property name="org.osgi.framework.executionenvironment" value="OSGi/Minimum-1.0,OSGi/Minimum-1.1,OSGi/Minimum-1.2,JRE-1.1,J2SE-1.2,J2SE-1.3,J2SE-1.4,J2SE-1.5,JavaSE-1.6,JavaSE-1.7"/>
    <property name="osgi.configuration.area" value="file:/C:/Users/rakeshka/git/master/com.bitwise.app.common/target/work/configuration/"/>
    <property name="osgi.logfile" value="C:\Users\rakeshka\git\master\com.bitwise.app.common\target\work\configuration\1441694111619.log"/>
  </properties>
  <testcase name="testReadFile" classname="test.java.TestJaxb" time="1.219"/>
  <testcase name="testFilteredFiles" classname="test.java.TestJaxb" time="0.015"/>
</testsuite>